This is pdfTeX, Version 3.14159265-2.6-1.40.18 (MiKTeX 2.9.6500 64-bit) (preloaded format=latex 2018.1.24)  24 JAN 2018 13:15
entering extended mode
**./tmpyz1uty.tex
(tmpyz1uty.tex
LaTeX2e <2017-04-15>
Babel <3.15> and hyphenation patterns for 75 language(s) loaded.
)
*\scrollmode


*\raiseerror%
! Undefined control sequence.
<*> \raiseerror
               %
The control sequence at the end of the top line
of your error message was never \def'ed. If you have
misspelled it (e.g., `\hobx'), type `I' and the correct
spelling (e.g., `I\hbox'). Otherwise just continue,
and I'll forget about whatever was undefined.


*\def\PyX{P\kern-.3em\lower.5ex\hbox{Y}\kern-.18em X}%

*\gdef\PyXBoxHAlign{0}%

*\newbox\PyXBox%
\PyXBox=\box26

*\newbox\PyXBoxHAligned%
\PyXBoxHAligned=\box27

*\newdimen\PyXDimenHAlignLT%
\PyXDimenHAlignLT=\dimen102

*\newdimen\PyXDimenHAlignRT%
\PyXDimenHAlignRT=\dimen103

*\gdef\PyXFlushHAlign{0}%

*\def\PyXragged{%

*\leftskip=0pt plus \PyXFlushHAlign fil%

*\rightskip=0pt plus 1fil%

*\advance\rightskip0pt plus -\PyXFlushHAlign fil%

*\parfillskip=0pt%

*\pretolerance=9999%

*\tolerance=9999%

*\parindent=0pt%

*\hyphenpenalty=9999%

*\exhyphenpenalty=9999}%

*\newbox\PyXBoxVBox%
\PyXBoxVBox=\box28

*\newdimen\PyXDimenVBox%
\PyXDimenVBox=\dimen104

*\newbox\PyXBoxVAlign%
\PyXBoxVAlign=\box29

*\newdimen\PyXDimenVAlign%
\PyXDimenVAlign=\dimen105

*\newdimen\PyXDimenVShift%
\PyXDimenVShift=\dimen106

*\long\def\ProcessPyXBox#1#2{%

*\setbox\PyXBox=\hbox{{#1}}%

*\PyXDimenHAlignLT=\PyXBoxHAlign\wd\PyXBox%

*\PyXDimenHAlignRT=\wd\PyXBox%

*\advance\PyXDimenHAlignRT by -\PyXDimenHAlignLT%

*\gdef\PyXBoxHAlign{0}%

*\immediate\write16{PyXBox:page=#2,lt=\the\PyXDimenHAlignLT,rt=\the\PyXDimenHAl
ignRT,ht=\the\ht\PyXBox,dp=\the\dp\PyXBox:}%

*\setbox\PyXBoxHAligned=\hbox{\kern-\PyXDimenHAlignLT\box\PyXBox}%

*\ht\PyXBoxHAligned0pt%

*{\count0=80\count1=121\count2=88\count3=#2\shipout\box\PyXBoxHAligned}}%

*\def\PyXInput#1{\immediate\write16{PyXInputMarker:executeid=#1:}}%

*\def\PyXMarker#1{\hskip0pt\special{PyX:marker #1}}%%

*\PyXInput{1}%
PyXInputMarker:executeid=1:

*\documentclass{article}%

*\PyXInput{2}%
("C:\Program Files\MiKTeX 2.9\tex\latex\base\article.cls"
Document Class: article 2014/09/29 v1.4h Standard LaTeX document class
("C:\Program Files\MiKTeX 2.9\tex\latex\base\size10.clo"
File: size10.clo 2014/09/29 v1.4h Standard LaTeX file (size option)
)
\c@part=\count79
\c@section=\count80
\c@subsection=\count81
\c@subsubsection=\count82
\c@paragraph=\count83
\c@subparagraph=\count84
\c@figure=\count85
\c@table=\count86
\abovecaptionskip=\skip41
\belowcaptionskip=\skip42
\bibindent=\dimen107
)
PyXInputMarker:executeid=2:

*\usepackage{anyfontsize}%

*\PyXInput{3}%
(anyfontsize.sty
Package: anyfontsize 2007/11/22 anyfontsize.sty by pts
)
PyXInputMarker:executeid=3:

*\begin{document}%
No file tmpyz1uty.aux.
\openout1 = `tmpyz1uty.aux'.

LaTeX Font Info:    Checking defaults for OML/cmm/m/it on input line 0.
LaTeX Font Info:    ... okay on input line 0.
LaTeX Font Info:    Checking defaults for T1/cmr/m/n on input line 0.
LaTeX Font Info:    ... okay on input line 0.
LaTeX Font Info:    Checking defaults for OT1/cmr/m/n on input line 0.
LaTeX Font Info:    ... okay on input line 0.
LaTeX Font Info:    Checking defaults for OMS/cmsy/m/n on input line 0.
LaTeX Font Info:    ... okay on input line 0.
LaTeX Font Info:    Checking defaults for OMX/cmex/m/n on input line 0.
LaTeX Font Info:    ... okay on input line 0.
LaTeX Font Info:    Checking defaults for U/cmr/m/n on input line 0.
LaTeX Font Info:    ... okay on input line 0.

*\PyXInput{4}%
PyXInputMarker:executeid=4:

*\ProcessPyXBox{\gdef\PyXBoxHAlign{0.50000}\gdef\PyXFlushHAlign{0.50000}\PyXrag
ged{}\fontsize{450}{60}\selectfont \textsf{PEPSI}%

*}{1}%
PyXBox:page=1,lt=571.82655pt,rt=571.82657pt,ht=312.50009pt,dp=0.0pt:
[80.121.88.1]
*\PyXInput{5}%
PyXInputMarker:executeid=5:

*\end{document}%
(tmpyz1uty.aux) 
Here is how much of TeX's memory you used:
 230 strings out of 493313
 2659 string characters out of 3138884
 53758 words of memory out of 3000000
 3861 multiletter control sequences out of 15000+200000
 4245 words of font info for 16 fonts, out of 3000000 for 9000
 1141 hyphenation exceptions out of 8191
 22i,1n,17p,131b,108s stack positions out of 5000i,500n,10000p,200000b,50000s

Output written on tmpyz1uty.dvi (1 page, 184 bytes).
